2019-10-08 11:37:33.882 INFO  top.jplayer.quickpay.QuickpayApplication - Starting QuickpayApplication on SKY-2019082tygh with PID 1500 (D:\work_code\quickpay\target\classes started by Administrator in D:\work_code\quickpay)
2019-10-08 11:37:33.882 INFO  top.jplayer.quickpay.QuickpayApplication - No active profile set, falling back to default profiles: default
2019-10-08 11:37:34.273 INFO  org.springframework.data.repository.config.RepositoryConfigurationDelegate - Multiple Spring Data modules found, entering strict repository configuration mode!
2019-10-08 11:37:34.273 INFO  org.springframework.data.repository.config.RepositoryConfigurationDelegate - Bootstrapping Spring Data repositories in DEFAULT mode.
2019-10-08 11:37:34.289 INFO  org.springframework.data.repository.config.RepositoryConfigurationDelegate - Finished Spring Data repository scanning in 0ms. Found 0 repository interfaces.
2019-10-08 11:37:34.476 INFO  org.springframework.context.support.PostProcessorRegistrationDelegate$BeanPostProcessorChecker - Bean 'org.springframework.transaction.annotation.ProxyTransactionManagementConfiguration' of type [org.springframework.transaction.annotation.ProxyTransactionManagementConfiguration$$EnhancerBySpringCGLIB$$3e89fd14] is not eligible for getting processed by all BeanPostProcessors (for example: not eligible for auto-proxying)
2019-10-08 11:37:34.617 INFO  org.springframework.boot.web.embedded.tomcat.TomcatWebServer - Tomcat initialized with port(s): 8833 (http)
2019-10-08 11:37:34.632 INFO  org.apache.coyote.http11.Http11NioProtocol - Initializing ProtocolHandler ["http-nio-8833"]
2019-10-08 11:37:34.632 INFO  org.apache.catalina.core.StandardService - Starting service [Tomcat]
2019-10-08 11:37:34.632 INFO  org.apache.catalina.core.StandardEngine - Starting Servlet engine: [Apache Tomcat/9.0.24]
2019-10-08 11:37:34.695 INFO  org.apache.catalina.core.ContainerBase.[Tomcat].[localhost].[/] - Initializing Spring embedded WebApplicationContext
2019-10-08 11:37:34.695 INFO  org.springframework.web.context.ContextLoader - Root WebApplicationContext: initialization completed in 750 ms
2019-10-08 11:37:34.804 INFO  com.zaxxer.hikari.HikariDataSource - HikariPool-1 - Starting...
2019-10-08 11:37:34.913 INFO  com.zaxxer.hikari.HikariDataSource - HikariPool-1 - Start completed.
2019-10-08 11:37:34.992 WARN  com.baomidou.mybatisplus.core.metadata.TableInfoHelper - Warn: Could not find @TableId in Class: top.jplayer.quickpay.test.entity.User.
2019-10-08 11:37:35.163 INFO  org.springframework.scheduling.concurrent.ThreadPoolTaskExecutor - Initializing ExecutorService 'applicationTaskExecutor'
2019-10-08 11:37:35.497 INFO  org.springframework.scheduling.concurrent.ThreadPoolTaskScheduler - Initializing ExecutorService 'taskScheduler'
2019-10-08 11:37:35.544 INFO  org.apache.coyote.http11.Http11NioProtocol - Starting ProtocolHandler ["http-nio-8833"]
2019-10-08 11:37:35.559 INFO  org.springframework.boot.web.embedded.tomcat.TomcatWebServer - Tomcat started on port(s): 8833 (http) with context path ''
2019-10-08 11:37:35.559 INFO  top.jplayer.quickpay.QuickpayApplication - Started QuickpayApplication in 2.005 seconds (JVM running for 2.775)
2019-10-08 12:46:30.511 INFO  top.jplayer.quickpay.QuickpayApplication - Starting QuickpayApplication on SKY-2019082tygh with PID 12920 (D:\work_code\quickpay\target\classes started by Administrator in D:\work_code\quickpay)
2019-10-08 12:46:30.512 INFO  top.jplayer.quickpay.QuickpayApplication - No active profile set, falling back to default profiles: default
2019-10-08 12:46:31.044 INFO  org.springframework.data.repository.config.RepositoryConfigurationDelegate - Multiple Spring Data modules found, entering strict repository configuration mode!
2019-10-08 12:46:31.045 INFO  org.springframework.data.repository.config.RepositoryConfigurationDelegate - Bootstrapping Spring Data repositories in DEFAULT mode.
2019-10-08 12:46:31.070 INFO  org.springframework.data.repository.config.RepositoryConfigurationDelegate - Finished Spring Data repository scanning in 9ms. Found 0 repository interfaces.
2019-10-08 12:46:31.335 INFO  org.springframework.context.support.PostProcessorRegistrationDelegate$BeanPostProcessorChecker - Bean 'org.springframework.transaction.annotation.ProxyTransactionManagementConfiguration' of type [org.springframework.transaction.annotation.ProxyTransactionManagementConfiguration$$EnhancerBySpringCGLIB$$59b7cab] is not eligible for getting processed by all BeanPostProcessors (for example: not eligible for auto-proxying)
2019-10-08 12:46:31.541 INFO  org.springframework.boot.web.embedded.tomcat.TomcatWebServer - Tomcat initialized with port(s): 8833 (http)
2019-10-08 12:46:31.550 INFO  org.apache.coyote.http11.Http11NioProtocol - Initializing ProtocolHandler ["http-nio-8833"]
2019-10-08 12:46:31.556 INFO  org.apache.catalina.core.StandardService - Starting service [Tomcat]
2019-10-08 12:46:31.556 INFO  org.apache.catalina.core.StandardEngine - Starting Servlet engine: [Apache Tomcat/9.0.24]
2019-10-08 12:46:31.621 INFO  org.apache.catalina.core.ContainerBase.[Tomcat].[localhost].[/] - Initializing Spring embedded WebApplicationContext
2019-10-08 12:46:31.621 INFO  org.springframework.web.context.ContextLoader - Root WebApplicationContext: initialization completed in 1031 ms
2019-10-08 12:46:31.745 INFO  com.zaxxer.hikari.HikariDataSource - HikariPool-1 - Starting...
2019-10-08 12:46:31.871 INFO  com.zaxxer.hikari.HikariDataSource - HikariPool-1 - Start completed.
2019-10-08 12:46:31.954 WARN  com.baomidou.mybatisplus.core.metadata.TableInfoHelper - Warn: Could not find @TableId in Class: top.jplayer.quickpay.test.entity.User.
2019-10-08 12:46:32.139 INFO  org.springframework.scheduling.concurrent.ThreadPoolTaskExecutor - Initializing ExecutorService 'applicationTaskExecutor'
2019-10-08 12:46:32.471 INFO  org.springframework.scheduling.concurrent.ThreadPoolTaskScheduler - Initializing ExecutorService 'taskScheduler'
2019-10-08 12:46:32.514 INFO  org.apache.coyote.http11.Http11NioProtocol - Starting ProtocolHandler ["http-nio-8833"]
2019-10-08 12:46:32.529 INFO  org.springframework.boot.web.embedded.tomcat.TomcatWebServer - Tomcat started on port(s): 8833 (http) with context path ''
2019-10-08 12:46:32.533 INFO  top.jplayer.quickpay.QuickpayApplication - Started QuickpayApplication in 2.381 seconds (JVM running for 3.236)
2019-10-08 12:46:32.534 ERROR top.jplayer.quickpay.QuickpayApplication - -----------
2019-10-08 14:02:53.014 INFO  org.apache.catalina.core.ContainerBase.[Tomcat].[localhost].[/] - Initializing Spring DispatcherServlet 'dispatcherServlet'
2019-10-08 14:02:53.014 INFO  org.springframework.web.servlet.DispatcherServlet - Initializing Servlet 'dispatcherServlet'
2019-10-08 14:02:53.019 INFO  org.springframework.web.servlet.DispatcherServlet - Completed initialization in 5 ms
